<?xml version="1.0" encoding="UTF-8"?>
<!-- Generated by org.testng.reporters.JUnitReportReporter -->
<testsuite hostname="Krishnas-MBP.hsd1.ut.comcast.net" failures="0" tests="1" name="www.saucedemo.com.sofiui.AppTest" time="1.684" errors="0" timestamp="08 Mar 2019 08:25:31 GMT" skipped="0">
  <testcase classname="www.saucedemo.com.sofiui.AppTest" name="loginTest" time="1.684"/>
</testsuite> <!-- www.saucedemo.com.sofiui.AppTest -->
