<?xml version="1.0" encoding="UTF-8"?>
<!-- Generated by org.testng.reporters.JUnitReportReporter -->
<testsuite hostname="Krishnas-MBP.hsd1.ut.comcast.net" failures="0" tests="1" name="www.saucedemo.com.sofiui.Saucedemouitest" time="1.755" errors="0" timestamp="08 Mar 2019 08:47:47 GMT" skipped="0">
  <testcase classname="www.saucedemo.com.sofiui.Saucedemouitest" name="endToEndTest" time="1.755"/>
</testsuite> <!-- www.saucedemo.com.sofiui.Saucedemouitest -->
